<?xml version="1.0" encoding="UTF-8"?>
<testsuite name="FizzBuzzTest" tests="3" skipped="0" failures="0" errors="0" timestamp="2018-05-04T17:33:57" hostname="Diegos-MacBook-Pro.local" time="0.067">
  <properties/>
  <testcase name="returnTrueWhenMethodPrintIsInvoked" classname="FizzBuzzTest" time="0.066"/>
  <testcase name="shouldReturnFizzForNumberMultipleByThree" classname="FizzBuzzTest" time="0.0"/>
  <testcase name="shouldReturnBuzzForNumberMultipleByFive" classname="FizzBuzzTest" time="0.0"/>
  <system-out><![CDATA[]]></system-out>
  <system-err><![CDATA[]]></system-err>
</testsuite>
