<?xml version="1.0" encoding="UTF-8"?>
<testsuite name="FizzBuzzTest" tests="4" skipped="0" failures="0" errors="0" timestamp="2018-05-07T13:53:30" hostname="Diegos-MacBook-Pro.local" time="0.471">
  <properties/>
  <testcase name="returnFizzForNumberMultipleByThree" classname="FizzBuzzTest" time="0.004"/>
  <testcase name="returnTrueWhenMethodPrintIsInvoked" classname="FizzBuzzTest" time="0.465"/>
  <testcase name="returnFizzBuzzForNumberMultiopleByThreeAndFive" classname="FizzBuzzTest" time="0.001"/>
  <testcase name="returnBuzzForNumberMultipleByFive" classname="FizzBuzzTest" time="0.0"/>
  <system-out><![CDATA[]]></system-out>
  <system-err><![CDATA[]]></system-err>
</testsuite>
